<?xml version="1.0" encoding="UTF-8"?>
<!-- Generated by org.testng.reporters.JUnitXMLReporter -->
<testsuite ignored="0" hostname="JunWoos-MBP" failures="0" tests="9" name="Default test" time="21.51" errors="0" timestamp="2023-04-07T21:20:41 MYT">
  <testcase classname="AASAutomation.test.ProductSettingTest" name="@BeforeClass setUp" time="21.472">
    <failure type="org.openqa.selenium.TimeoutException" message="timeout: Timed out receiving message from renderer: 4.963
  (Session info: chrome=111.0.5563.64)
Build info: version: &amp;apos;4.8.1&amp;apos;, revision: &amp;apos;8ebccac989&amp;apos;
System info: os.name: &amp;apos;Mac OS X&amp;apos;, os.arch: &amp;apos;aarch64&amp;apos;, os.version: &amp;apos;13.2.1&amp;apos;, java.version: &amp;apos;19.0.2&amp;apos;
Driver info: org.openqa.selenium.chrome.ChromeDriver
Command: [6b4ffca602b6c41edb8f3568b99777ff, get {url=https://uat.kplay88.com/}]
Capabilities {acceptInsecureCerts: false, browserName: chrome, browserVersion: 111.0.5563.64, chrome: {chromedriverVersion: 111.0.5563.64 (c710e93d5b63..., userDataDir: /var/folders/zs/4hh4_s7n57s...}, goog:chromeOptions: {debuggerAddress: localhost:56161}, networkConnectionEnabled: false, pageLoadStrategy: normal, platformName: MAC, proxy: Proxy(), se:cdp: ws://localhost:56161/devtoo..., se:cdpVersion: 111.0.5563.64, setWindowRect: true, strictFileInteractability: false, timeouts: {implicit: 0, pageLoad: 300000, script: 30000}, unhandledPromptBehavior: dismiss and notify, webauthn:extension:credBlob: true, webauthn:extension:largeBlob: true, webauthn:extension:minPinLength: true, webauthn:extension:prf: true, webauthn:virtualAuthenticators: true}
Session ID: 6b4ffca602b6c41edb8f3568b99777ff">
      <![CDATA[org.openqa.selenium.TimeoutException: timeout: Timed out receiving message from renderer: 4.963
  (Session info: chrome=111.0.5563.64)
Build info: version: '4.8.1', revision: '8ebccac989'
System info: os.name: 'Mac OS X', os.arch: 'aarch64', os.version: '13.2.1', java.version: '19.0.2'
Driver info: org.openqa.selenium.chrome.ChromeDriver
Command: [6b4ffca602b6c41edb8f3568b99777ff, get {url=https://uat.kplay88.com/}]
Capabilities {acceptInsecureCerts: false, browserName: chrome, browserVersion: 111.0.5563.64, chrome: {chromedriverVersion: 111.0.5563.64 (c710e93d5b63..., userDataDir: /var/folders/zs/4hh4_s7n57s...}, goog:chromeOptions: {debuggerAddress: localhost:56161}, networkConnectionEnabled: false, pageLoadStrategy: normal, platformName: MAC, proxy: Proxy(), se:cdp: ws://localhost:56161/devtoo..., se:cdpVersion: 111.0.5563.64, setWindowRect: true, strictFileInteractability: false, timeouts: {implicit: 0, pageLoad: 300000, script: 30000}, unhandledPromptBehavior: dismiss and notify, webauthn:extension:credBlob: true, webauthn:extension:largeBlob: true, webauthn:extension:minPinLength: true, webauthn:extension:prf: true, webauthn:virtualAuthenticators: true}
Session ID: 6b4ffca602b6c41edb8f3568b99777ff
at java.base/jdk.internal.reflect.DirectConstructorHandleAccessor.newInstance(DirectConstructorHandleAccessor.java:67)
at java.base/java.lang.reflect.Constructor.newInstanceWithCaller(Constructor.java:500)
at java.base/java.lang.reflect.Constructor.newInstance(Constructor.java:484)
at org.openqa.selenium.remote.codec.w3c.W3CHttpResponseCodec.createException(W3CHttpResponseCodec.java:200)
at org.openqa.selenium.remote.codec.w3c.W3CHttpResponseCodec.decode(W3CHttpResponseCodec.java:133)
at org.openqa.selenium.remote.codec.w3c.W3CHttpResponseCodec.decode(W3CHttpResponseCodec.java:53)
at org.openqa.selenium.remote.HttpCommandExecutor.execute(HttpCommandExecutor.java:184)
at org.openqa.selenium.remote.service.DriverCommandExecutor.invokeExecute(DriverCommandExecutor.java:167)
at org.openqa.selenium.remote.service.DriverCommandExecutor.execute(DriverCommandExecutor.java:142)
at org.openqa.selenium.remote.RemoteWebDriver.execute(RemoteWebDriver.java:543)
at org.openqa.selenium.remote.RemoteWebDriver.get(RemoteWebDriver.java:297)
at AASAutomation.base.TestBase.initialization(TestBase.java:75)
at AASAutomation.test.ProductSettingTest.setUp(ProductSettingTest.java:53)
at java.base/jdk.internal.reflect.DirectMethodHandleAccessor.invoke(DirectMethodHandleAccessor.java:104)
at java.base/java.lang.reflect.Method.invoke(Method.java:578)
at org.testng.internal.MethodInvocationHelper.invokeMethod(MethodInvocationHelper.java:133)
at org.testng.internal.MethodInvocationHelper.invokeMethodConsideringTimeout(MethodInvocationHelper.java:62)
at org.testng.internal.ConfigInvoker.invokeConfigurationMethod(ConfigInvoker.java:385)
at org.testng.internal.ConfigInvoker.invokeConfigurations(ConfigInvoker.java:321)
at org.testng.internal.TestMethodWorker.invokeBeforeClassMethods(TestMethodWorker.java:176)
at org.testng.internal.TestMethodWorker.run(TestMethodWorker.java:122)
at java.base/java.util.ArrayList.forEach(ArrayList.java:1511)
at org.testng.TestRunner.privateRun(TestRunner.java:794)
at org.testng.TestRunner.run(TestRunner.java:596)
at org.testng.SuiteRunner.runTest(SuiteRunner.java:377)
at org.testng.SuiteRunner.runSequentially(SuiteRunner.java:371)
at org.testng.SuiteRunner.privateRun(SuiteRunner.java:332)
at org.testng.SuiteRunner.run(SuiteRunner.java:276)
at org.testng.SuiteRunnerWorker.runSuite(SuiteRunnerWorker.java:53)
at org.testng.SuiteRunnerWorker.run(SuiteRunnerWorker.java:96)
at org.testng.TestNG.runSuitesSequentially(TestNG.java:1212)
at org.testng.TestNG.runSuitesLocally(TestNG.java:1134)
at org.testng.TestNG.runSuites(TestNG.java:1063)
at org.testng.TestNG.run(TestNG.java:1031)
at org.testng.remote.AbstractRemoteTestNG.run(AbstractRemoteTestNG.java:115)
at org.testng.remote.RemoteTestNG.initAndRun(RemoteTestNG.java:251)
at org.testng.remote.RemoteTestNG.main(RemoteTestNG.java:77)
]]>
    </failure>
  </testcase> <!-- @BeforeClass setUp -->
  <testcase classname="AASAutomation.base.TestBase" name="@AfterClass tearDown" time="-1.6808736396E9">
    <skipped/>
  </testcase> <!-- @AfterClass tearDown -->
  <testcase classname="AASAutomation.test.ProductSettingTest" name="ProceedToSMA" time="0.0">
    <skipped/>
  </testcase> <!-- ProceedToSMA -->
  <testcase classname="AASAutomation.test.ProductSettingTest" name="SectionSetUpSMA" time="0.0">
    <skipped/>
  </testcase> <!-- SectionSetUpSMA -->
  <testcase classname="AASAutomation.test.ProductSettingTest" name="ProductSettingGroupUpdate_SMA" time="0.0">
    <skipped/>
  </testcase> <!-- ProductSettingGroupUpdate_SMA -->
  <testcase classname="AASAutomation.test.ProductSettingTest" name="ProceedToMA" time="0.0">
    <skipped/>
  </testcase> <!-- ProceedToMA -->
  <testcase classname="AASAutomation.test.ProductSettingTest" name="SectionSetUpMA" time="0.0">
    <skipped/>
  </testcase> <!-- SectionSetUpMA -->
  <testcase classname="AASAutomation.test.ProductSettingTest" name="ProductSettingGroupUpdate_MA" time="0.0">
    <skipped/>
  </testcase> <!-- ProductSettingGroupUpdate_MA -->
  <testcase classname="AASAutomation.test.ProductSettingTest" name="ProceedToAG" time="0.0">
    <skipped/>
  </testcase> <!-- ProceedToAG -->
  <testcase classname="AASAutomation.test.ProductSettingTest" name="SectionSetUpAG" time="0.0">
    <skipped/>
  </testcase> <!-- SectionSetUpAG -->
  <testcase classname="AASAutomation.test.ProductSettingTest" name="ProductSettingGroupUpdate_AG" time="0.0">
    <skipped/>
  </testcase> <!-- ProductSettingGroupUpdate_AG -->
</testsuite> <!-- Default test -->
