<?xml version="1.0" encoding="UTF-8"?>
<!-- Generated by org.testng.reporters.JUnitXMLReporter -->
<testsuite ignored="0" hostname="JunWoos-MacBook-Pro.local" failures="0" tests="4" name="AAS Extra PT Test" time="2.266" errors="0" timestamp="2023-04-01T01:02:38 MYT">
  <testcase classname="AASAutomation.test.ExtraPTTest" name="@BeforeClass setUp" time="2.241">
    <failure type="org.openqa.selenium.NoSuchWindowException" message="no such window: target window already closed
from unknown error: web view not found
  (Session info: chrome=111.0.5563.64)
Build info: version: &amp;apos;4.8.1&amp;apos;, revision: &amp;apos;8ebccac989&amp;apos;
System info: os.name: &amp;apos;Mac OS X&amp;apos;, os.arch: &amp;apos;aarch64&amp;apos;, os.version: &amp;apos;13.2.1&amp;apos;, java.version: &amp;apos;19.0.2&amp;apos;
Driver info: org.openqa.selenium.chrome.ChromeDriver
Command: [5f9dd7914646172d259ac5454a7c5837, findElement {using=xpath, value=/html/body/div[1]/div/div/div/div/form[1]/div[3]/div/select}]
Capabilities {acceptInsecureCerts: false, browserName: chrome, browserVersion: 111.0.5563.64, chrome: {chromedriverVersion: 111.0.5563.64 (c710e93d5b63..., userDataDir: /var/folders/zs/4hh4_s7n57s...}, goog:chromeOptions: {debuggerAddress: localhost:52879}, networkConnectionEnabled: false, pageLoadStrategy: normal, platformName: MAC, proxy: Proxy(), se:cdp: ws://localhost:52879/devtoo..., se:cdpVersion: 111.0.5563.64, setWindowRect: true, strictFileInteractability: false, timeouts: {implicit: 0, pageLoad: 300000, script: 30000}, unhandledPromptBehavior: dismiss and notify, webauthn:extension:credBlob: true, webauthn:extension:largeBlob: true, webauthn:extension:minPinLength: true, webauthn:extension:prf: true, webauthn:virtualAuthenticators: true}
Session ID: 5f9dd7914646172d259ac5454a7c5837">
      <![CDATA[org.openqa.selenium.NoSuchWindowException: no such window: target window already closed
from unknown error: web view not found
  (Session info: chrome=111.0.5563.64)
Build info: version: '4.8.1', revision: '8ebccac989'
System info: os.name: 'Mac OS X', os.arch: 'aarch64', os.version: '13.2.1', java.version: '19.0.2'
Driver info: org.openqa.selenium.chrome.ChromeDriver
Command: [5f9dd7914646172d259ac5454a7c5837, findElement {using=xpath, value=/html/body/div[1]/div/div/div/div/form[1]/div[3]/div/select}]
Capabilities {acceptInsecureCerts: false, browserName: chrome, browserVersion: 111.0.5563.64, chrome: {chromedriverVersion: 111.0.5563.64 (c710e93d5b63..., userDataDir: /var/folders/zs/4hh4_s7n57s...}, goog:chromeOptions: {debuggerAddress: localhost:52879}, networkConnectionEnabled: false, pageLoadStrategy: normal, platformName: MAC, proxy: Proxy(), se:cdp: ws://localhost:52879/devtoo..., se:cdpVersion: 111.0.5563.64, setWindowRect: true, strictFileInteractability: false, timeouts: {implicit: 0, pageLoad: 300000, script: 30000}, unhandledPromptBehavior: dismiss and notify, webauthn:extension:credBlob: true, webauthn:extension:largeBlob: true, webauthn:extension:minPinLength: true, webauthn:extension:prf: true, webauthn:virtualAuthenticators: true}
Session ID: 5f9dd7914646172d259ac5454a7c5837
at org.openqa.selenium.remote.codec.w3c.W3CHttpResponseCodec.createException(W3CHttpResponseCodec.java:200)
at org.openqa.selenium.remote.codec.w3c.W3CHttpResponseCodec.decode(W3CHttpResponseCodec.java:133)
at org.openqa.selenium.remote.codec.w3c.W3CHttpResponseCodec.decode(W3CHttpResponseCodec.java:53)
at org.openqa.selenium.remote.HttpCommandExecutor.execute(HttpCommandExecutor.java:184)
at org.openqa.selenium.remote.service.DriverCommandExecutor.invokeExecute(DriverCommandExecutor.java:167)
at org.openqa.selenium.remote.service.DriverCommandExecutor.execute(DriverCommandExecutor.java:142)
at org.openqa.selenium.remote.RemoteWebDriver.execute(RemoteWebDriver.java:543)
at org.openqa.selenium.remote.ElementLocation$ElementFinder$2.findElement(ElementLocation.java:162)
at org.openqa.selenium.remote.ElementLocation.findElement(ElementLocation.java:60)
at org.openqa.selenium.remote.RemoteWebDriver.findElement(RemoteWebDriver.java:352)
at org.openqa.selenium.remote.RemoteWebDriver.findElement(RemoteWebDriver.java:344)
at org.openqa.selenium.support.pagefactory.DefaultElementLocator.findElement(DefaultElementLocator.java:70)
at org.openqa.selenium.support.pagefactory.internal.LocatingElementHandler.invoke(LocatingElementHandler.java:39)
at jdk.proxy2/jdk.proxy2.$Proxy18.getTagName(Unknown Source)
at org.openqa.selenium.support.ui.Select.<init>(Select.java:46)
at AASAutomation.pages.LoginPage.selectLangauge(LoginPage.java:52)
at AASAutomation.pages.LoginPage.login(LoginPage.java:40)
at AASAutomation.test.ExtraPTTest.setUp(ExtraPTTest.java:57)
at java.base/java.util.ArrayList.forEach(ArrayList.java:1511)
... Removed 27 stack frames]]>
    </failure>
  </testcase> <!-- @BeforeClass setUp -->
  <testcase classname="AASAutomation.base.TestBase" name="@AfterClass tearDown" time="-1.680282158784E9">
    <skipped/>
  </testcase> <!-- @AfterClass tearDown -->
  <testcase classname="AASAutomation.test.ExtraPTTest" name="SeamlessSectionSetUp" time="0.0">
    <skipped/>
  </testcase> <!-- SeamlessSectionSetUp -->
  <testcase classname="AASAutomation.test.ExtraPTTest" name="SeamlessExtraPTGroupUpdate" time="0.0">
    <skipped/>
  </testcase> <!-- SeamlessExtraPTGroupUpdate -->
  <testcase classname="AASAutomation.test.ExtraPTTest" name="WalletSectionSetUp" time="0.0">
    <skipped/>
  </testcase> <!-- WalletSectionSetUp -->
  <testcase classname="AASAutomation.test.ExtraPTTest" name="WalletExtraPTGroupUpdate" time="0.0">
    <skipped/>
  </testcase> <!-- WalletExtraPTGroupUpdate -->
</testsuite> <!-- AAS Extra PT Test -->
